0 info it worked if it ends with ok
1 verbose cli [ 'C:\\Program Files\\nodejs\\node.exe',
1 verbose cli   'C:\\Program Files\\nodejs\\node_modules\\npm\\bin\\npm-cli.js',
1 verbose cli   'run',
1 verbose cli   'build' ]
2 info using npm@3.10.10
3 info using node@v6.10.3
4 verbose run-script [ 'prebuild', 'build', 'postbuild' ]
5 info lifecycle client@1.0.0~prebuild: client@1.0.0
6 silly lifecycle client@1.0.0~prebuild: no script for prebuild, continuing
7 info lifecycle client@1.0.0~build: client@1.0.0
8 verbose lifecycle client@1.0.0~build: unsafe-perm in lifecycle true
9 verbose lifecycle client@1.0.0~build: PATH: C:\Program Files\nodejs\node_modules\npm\bin\node-gyp-bin;C:\Users\diego.oliveira\Desktop\Alura\alura\javascript-avancado-i-aula1\aluraframe\client\node_modules\.bin;C:\Program Files (x86)\Gupta\Team Developer 2005.1;C:\DevWin\Deploy1;C:\Program Files\Java\jdk1.8.0_111\bin;C:\ProgramData\Oracle\Java\javapath;C:\oracle\product\11.1.0\db_1\bin;C:\WINDOWS\system32;C:\WINDOWS;C:\WINDOWS\System32\Wbem;C:\WINDOWS\System32\WindowsPowerShell\v1.0\;C:\Program Files (x86)\Skype\Phone\;C:\Program Files\TortoiseSVN\bin;C:\Program Files\nodejs\;C:\Program Files\Git\cmd;C:\Users\diego.oliveira\AppData\Local\Microsoft\WindowsApps;C:\Program Files (x86)\Microsoft VS Code\bin;C:\Users\diego.oliveira\AppData\Roaming\npm;C:\Users\diego.oliveira\AppData\Local\GitHubDesktop\bin;C:\Users\diego.oliveira\AppData\Local\atom\bin
10 verbose lifecycle client@1.0.0~build: CWD: C:\Users\diego.oliveira\Desktop\Alura\alura\javascript-avancado-i-aula1\aluraframe\client
11 silly lifecycle client@1.0.0~build: Args: [ '/d /s /c', 'babel js/app-es6 -d js/app --source-maps' ]
12 silly lifecycle client@1.0.0~build: Returned: code: 1  signal: null
13 info lifecycle client@1.0.0~build: Failed to exec build script
14 verbose stack Error: client@1.0.0 build: `babel js/app-es6 -d js/app --source-maps`
14 verbose stack Exit status 1
14 verbose stack     at EventEmitter.<anonymous> (C:\Program Files\nodejs\node_modules\npm\lib\utils\lifecycle.js:255:16)
14 verbose stack     at emitTwo (events.js:106:13)
14 verbose stack     at EventEmitter.emit (events.js:191:7)
14 verbose stack     at ChildProcess.<anonymous> (C:\Program Files\nodejs\node_modules\npm\lib\utils\spawn.js:40:14)
14 verbose stack     at emitTwo (events.js:106:13)
14 verbose stack     at ChildProcess.emit (events.js:191:7)
14 verbose stack     at maybeClose (internal/child_process.js:886:16)
14 verbose stack     at Process.ChildProcess._handle.onexit (internal/child_process.js:226:5)
15 verbose pkgid client@1.0.0
16 verbose cwd C:\Users\diego.oliveira\Desktop\Alura\alura\javascript-avancado-i-aula1\aluraframe\client
17 error Windows_NT 10.0.14393
18 error argv "C:\\Program Files\\nodejs\\node.exe" "C:\\Program Files\\nodejs\\node_modules\\npm\\bin\\npm-cli.js" "run" "build"
19 error node v6.10.3
20 error npm  v3.10.10
21 error code ELIFECYCLE
22 error client@1.0.0 build: `babel js/app-es6 -d js/app --source-maps`
22 error Exit status 1
23 error Failed at the client@1.0.0 build script 'babel js/app-es6 -d js/app --source-maps'.
23 error Make sure you have the latest version of node.js and npm installed.
23 error If you do, this is most likely a problem with the client package,
23 error not with npm itself.
23 error Tell the author that this fails on your system:
23 error     babel js/app-es6 -d js/app --source-maps
23 error You can get information on how to open an issue for this project with:
23 error     npm bugs client
23 error Or if that isn't available, you can get their info via:
23 error     npm owner ls client
23 error There is likely additional logging output above.
24 verbose exit [ 1, true ]
